{"C:\\Users\\cintia.ssilva\\ProjetosGit\\Typescript\\src\\presentation\\controllers\\signup.ts": {"path":"C:\\Users\\cintia.ssilva\\ProjetosGit\\Typescript\\src\\presentation\\controllers\\signup.ts","all":false,"statementMap":{"0":{"start":{"line":1,"column":0},"end":{"line":1,"column":63}},"1":{"start":{"line":2,"column":0},"end":{"line":2,"column":66}},"2":{"start":{"line":3,"column":0},"end":{"line":3,"column":52}},"3":{"start":{"line":4,"column":0},"end":{"line":4,"column":0}},"4":{"start":{"line":5,"column":0},"end":{"line":5,"column":31}},"5":{"start":{"line":6,"column":0},"end":{"line":6,"column":52}},"6":{"start":{"line":7,"column":0},"end":{"line":7,"column":0}},"7":{"start":{"line":8,"column":0},"end":{"line":8,"column":84}},"8":{"start":{"line":9,"column":0},"end":{"line":9,"column":44}},"9":{"start":{"line":10,"column":0},"end":{"line":10,"column":41}},"10":{"start":{"line":11,"column":0},"end":{"line":11,"column":63}},"11":{"start":{"line":12,"column":0},"end":{"line":12,"column":13}},"12":{"start":{"line":13,"column":0},"end":{"line":13,"column":9}},"13":{"start":{"line":14,"column":0},"end":{"line":14,"column":0}},"14":{"start":{"line":15,"column":0},"end":{"line":15,"column":56}},"15":{"start":{"line":16,"column":0},"end":{"line":16,"column":0}},"16":{"start":{"line":17,"column":0},"end":{"line":17,"column":5}},"17":{"start":{"line":18,"column":0},"end":{"line":18,"column":1}}},"s":{"0":1,"1":1,"2":1,"3":1,"4":1,"5":1,"6":4,"7":4,"8":4,"9":10,"10":4,"11":4,"12":10,"13":0,"14":0,"15":0,"16":0,"17":1},"branchMap":{"0":{"type":"branch","line":6,"loc":{"start":{"line":6,"column":4},"end":{"line":17,"column":5}},"locations":[{"start":{"line":6,"column":4},"end":{"line":17,"column":5}}]},"1":{"type":"branch","line":9,"loc":{"start":{"line":9,"column":43},"end":{"line":13,"column":9}},"locations":[{"start":{"line":9,"column":43},"end":{"line":13,"column":9}}]},"2":{"type":"branch","line":10,"loc":{"start":{"line":10,"column":40},"end":{"line":12,"column":13}},"locations":[{"start":{"line":10,"column":40},"end":{"line":12,"column":13}}]},"3":{"type":"branch","line":14,"loc":{"start":{"line":14,"column":-2},"end":{"line":17,"column":5}},"locations":[{"start":{"line":14,"column":-2},"end":{"line":17,"column":5}}]}},"b":{"0":[4],"1":[10],"2":[4],"3":[0]},"fnMap":{"0":{"name":"handle","decl":{"start":{"line":6,"column":4},"end":{"line":17,"column":5}},"loc":{"start":{"line":6,"column":4},"end":{"line":17,"column":5}},"line":6}},"f":{"0":4}}
,"C:\\Users\\cintia.ssilva\\ProjetosGit\\Typescript\\src\\presentation\\errors\\missing-param-error.ts": {"path":"C:\\Users\\cintia.ssilva\\ProjetosGit\\Typescript\\src\\presentation\\errors\\missing-param-error.ts","all":false,"statementMap":{"0":{"start":{"line":1,"column":0},"end":{"line":1,"column":46}},"1":{"start":{"line":2,"column":0},"end":{"line":2,"column":37}},"2":{"start":{"line":3,"column":0},"end":{"line":3,"column":45}},"3":{"start":{"line":4,"column":0},"end":{"line":4,"column":40}},"4":{"start":{"line":5,"column":0},"end":{"line":5,"column":5}},"5":{"start":{"line":6,"column":0},"end":{"line":6,"column":1}}},"s":{"0":1,"1":1,"2":8,"3":8,"4":8,"5":1},"branchMap":{"0":{"type":"branch","line":2,"loc":{"start":{"line":2,"column":4},"end":{"line":5,"column":5}},"locations":[{"start":{"line":2,"column":4},"end":{"line":5,"column":5}}]}},"b":{"0":[8]},"fnMap":{"0":{"name":"MissingParamError","decl":{"start":{"line":2,"column":4},"end":{"line":5,"column":5}},"loc":{"start":{"line":2,"column":4},"end":{"line":5,"column":5}},"line":2}},"f":{"0":8}}
,"C:\\Users\\cintia.ssilva\\ProjetosGit\\Typescript\\src\\presentation\\helpers\\http-helper.ts": {"path":"C:\\Users\\cintia.ssilva\\ProjetosGit\\Typescript\\src\\presentation\\helpers\\http-helper.ts","all":false,"statementMap":{"0":{"start":{"line":1,"column":0},"end":{"line":1,"column":52}},"1":{"start":{"line":2,"column":0},"end":{"line":2,"column":0}},"2":{"start":{"line":3,"column":0},"end":{"line":3,"column":60}},"3":{"start":{"line":4,"column":0},"end":{"line":4,"column":24}},"4":{"start":{"line":5,"column":0},"end":{"line":5,"column":23}},"5":{"start":{"line":6,"column":0},"end":{"line":6,"column":2}}},"s":{"0":1,"1":1,"2":1,"3":4,"4":4,"5":4},"branchMap":{"0":{"type":"branch","line":3,"loc":{"start":{"line":3,"column":26},"end":{"line":6,"column":2}},"locations":[{"start":{"line":3,"column":26},"end":{"line":6,"column":2}}]}},"b":{"0":[4]},"fnMap":{"0":{"name":"badRequest","decl":{"start":{"line":3,"column":26},"end":{"line":6,"column":2}},"loc":{"start":{"line":3,"column":26},"end":{"line":6,"column":2}},"line":3}},"f":{"0":4}}
,"C:\\Users\\cintia.ssilva\\ProjetosGit\\Typescript\\src\\presentation\\protocolos\\http.ts": {"path":"C:\\Users\\cintia.ssilva\\ProjetosGit\\Typescript\\src\\presentation\\protocolos\\http.ts","all":true,"statementMap":{"0":{"start":{"line":1,"column":0},"end":{"line":1,"column":31}},"1":{"start":{"line":2,"column":0},"end":{"line":2,"column":22}},"2":{"start":{"line":3,"column":0},"end":{"line":3,"column":13}},"3":{"start":{"line":4,"column":0},"end":{"line":4,"column":1}},"4":{"start":{"line":5,"column":0},"end":{"line":5,"column":0}},"5":{"start":{"line":6,"column":0},"end":{"line":6,"column":29}},"6":{"start":{"line":7,"column":0},"end":{"line":7,"column":15}},"7":{"start":{"line":8,"column":0},"end":{"line":8,"column":1}}},"s":{"0":0,"1":0,"2":0,"3":0,"4":0,"5":0,"6":0,"7":0},"branchMap":{"0":{"type":"branch","line":1,"loc":{"start":{"line":1,"column":0},"end":{"line":8,"column":1}},"locations":[{"start":{"line":1,"column":0},"end":{"line":8,"column":1}}]}},"b":{"0":[0]},"fnMap":{"0":{"name":"(empty-report)","decl":{"start":{"line":1,"column":0},"end":{"line":8,"column":1}},"loc":{"start":{"line":1,"column":0},"end":{"line":8,"column":1}},"line":1}},"f":{"0":0}}
}
